# left: rho: 1.0; u: 0.0; p: 1000.0
# right: rho: 1.0; u: 0.0; p: 0.01
# gamma = 1.4
# time = 0.012
#          x                   rho                   u                    p                    e          
            0.00390625                    1                    0                 1000                 2500
            0.01171875                    1                    0                 1000                 2500
            0.01953125                    1                    0                 1000                 2500
            0.02734375                    1                    0                 1000                 2500
            0.03515625                    1                    0                 1000                 2500
            0.04296875                    1                    0                 1000                 2500
            0.05078125                    1                    0                 1000                 2500
            0.05859375         0.9859874201         0.5272664176          980.4375217           2485.92807
            0.06640625         0.9717334901           1.06980114          960.6518841           2471.49011
            0.07421875         0.9576448884          1.612335862            941.20948          2457.094199
            0.08203125         0.9437201725          2.154870584          922.1053331          2442.740337
            0.08984375         0.9299579086          2.697405306          903.3345249          2428.428525
            0.09765625         0.9163566711          3.239940029          884.8921943          2414.158761
            0.10546875         0.9029150426          3.782474751          866.7735373          2399.931047
            0.11328125         0.8896316143          4.325009473          848.9738061          2385.745382
            0.12109375         0.8765049857          4.867544195          831.4883086          2371.601766
            0.12890625         0.8635337644          5.410078918          814.3124084          2357.500199
            0.13671875         0.8507165665           5.95261364          797.4415239          2343.440681
            0.14453125         0.8380520162          6.495148362          780.8711277          2329.423212
            0.15234375         0.8255387458          7.037683084          764.5967466          2315.447792
            0.16015625         0.8131753962          7.580217806          748.6139607          2301.514422
            0.16796875          0.800960616          8.122752529          732.9184031          2287.623101
            0.17578125         0.7888930622          8.665287251          717.5057593          2273.773828
            0.18359375         0.7769713999          9.207821973          702.3717668          2259.966605
            0.19140625         0.7651943022          9.750356695          687.5122148          2246.201431
            0.19921875         0.7535604504          10.29289142          672.9229433          2232.478307
            0.20703125         0.7420685337          10.83542614          658.5998431          2218.797231
            0.21484375         0.7307172495          11.37796086          644.5388551          2205.158204
            0.22265625         0.7195053029          11.92049558          630.7359698          2191.561227
            0.23046875         0.7084314074          12.46303031          617.1872271          2178.006299
            0.23828125         0.6974942841          13.00556503          603.8887153           2164.49342
            0.24609375         0.6866926621          13.54809975          590.8365713           2151.02259
            0.25390625         0.6760252784          14.09063447          578.0269799          2137.593809
            0.26171875          0.665490878           14.6331692          565.4561731          2124.207077
            0.26953125         0.6550882135          15.17570392            553.12043          2110.862395
            0.27734375         0.6448160456          15.71823864          541.0160763          2097.559761
            0.28515625         0.6346731427          16.26077336          529.1394835          2084.299177
            0.29296875         0.6246582808          16.80330808          517.4870692          2071.080642
            0.30078125         0.6147702439          17.34584281          506.0552958          2057.904155
            0.30859375         0.6050078236          17.88837753          494.8406708          2044.769718
            0.31640625         0.5953698191          18.43091225          483.8397459          2031.677331
            0.32421875         0.5858550375          18.97344697          473.0491169          2018.626992
            0.33203125         0.5764622935           19.5159817          462.4654228          2005.618702
            0.33984375         0.5750622985          19.59745139          460.8937875          2003.668945
            0.34765625         0.5750622985          19.59745139          460.8937875          2003.668945
            0.35546875         0.5750622985          19.59745139          460.8937875          2003.668945
            0.36328125         0.5750622985          19.59745139          460.8937875          2003.668945
            0.37109375         0.5750622985          19.59745139          460.8937875          2003.668945
            0.37890625         0.5750622985          19.59745139          460.8937875          2003.668945
            0.38671875         0.5750622985          19.59745139          460.8937875          2003.668945
            0.39453125         0.5750622985          19.59745139          460.8937875          2003.668945
            0.40234375         0.5750622985          19.59745139          460.8937875          2003.668945
            0.41015625         0.5750622985          19.59745139          460.8937875          2003.668945
            0.41796875         0.5750622985          19.59745139          460.8937875          2003.668945
            0.42578125         0.5750622985          19.59745139          460.8937875          2003.668945
            0.43359375         0.5750622985          19.59745139          460.8937875          2003.668945
            0.44140625         0.5750622985          19.59745139          460.8937875          2003.668945
            0.44921875         0.5750622985          19.59745139          460.8937875          2003.668945
            0.45703125         0.5750622985          19.59745139          460.8937875          2003.668945
            0.46484375         0.5750622985          19.59745139          460.8937875          2003.668945
            0.47265625         0.5750622985          19.59745139          460.8937875          2003.668945
            0.48046875         0.5750622985          19.59745139          460.8937875          2003.668945
            0.48828125         0.5750622985          19.59745139          460.8937875          2003.668945
            0.49609375         0.5750622985          19.59745139          460.8937875          2003.668945
            0.50390625         0.5750622985          19.59745139          460.8937875          2003.668945
            0.51171875         0.5750622985          19.59745139          460.8937875          2003.668945
            0.51953125         0.5750622985          19.59745139          460.8937875          2003.668945
            0.52734375         0.5750622985          19.59745139          460.8937875          2003.668945
            0.53515625         0.5750622985          19.59745139          460.8937875          2003.668945
            0.54296875         0.5750622985          19.59745139          460.8937875          2003.668945
            0.55078125         0.5750622985          19.59745139          460.8937875          2003.668945
            0.55859375         0.5750622985          19.59745139          460.8937875          2003.668945
            0.56640625         0.5750622985          19.59745139          460.8937875          2003.668945
            0.57421875         0.5750622985          19.59745139          460.8937875          2003.668945
            0.58203125         0.5750622985          19.59745139          460.8937875          2003.668945
            0.58984375         0.5750622985          19.59745139          460.8937875          2003.668945
            0.59765625         0.5750622985          19.59745139          460.8937875          2003.668945
            0.60546875         0.5750622985          19.59745139          460.8937875          2003.668945
            0.61328125         0.5750622985          19.59745139          460.8937875          2003.668945
            0.62109375         0.5750622985          19.59745139          460.8937875          2003.668945
            0.62890625         0.5750622985          19.59745139          460.8937875          2003.668945
            0.63671875         0.5750622985          19.59745139          460.8937875          2003.668945
            0.64453125         0.5750622985          19.59745139          460.8937875          2003.668945
            0.65234375         0.5750622985          19.59745139          460.8937875          2003.668945
            0.66015625         0.5750622985          19.59745139          460.8937875          2003.668945
            0.66796875         0.5750622985          19.59745139          460.8937875          2003.668945
            0.67578125         0.5750622985          19.59745139          460.8937875          2003.668945
            0.68359375         0.5750622985          19.59745139          460.8937875          2003.668945
            0.69140625         0.5750622985          19.59745139          460.8937875          2003.668945
            0.69921875         0.5750622985          19.59745139          460.8937875          2003.668945
            0.70703125         0.5750622985          19.59745139          460.8937875          2003.668945
            0.71484375         0.5750622985          19.59745139          460.8937875          2003.668945
            0.72265625         0.5750622985          19.59745139          460.8937875          2003.668945
            0.73046875         0.5750622985          19.59745139          460.8937875          2003.668945
            0.73828125          5.999240705          19.59745139          460.8937875          192.0633836
            0.74609375          5.999240705          19.59745139          460.8937875          192.0633836
            0.75390625          5.999240705          19.59745139          460.8937875          192.0633836
            0.76171875          5.999240705          19.59745139          460.8937875          192.0633836
            0.76953125          5.999240705          19.59745139          460.8937875          192.0633836
            0.77734375          5.999240705          19.59745139          460.8937875          192.0633836
            0.78515625                    1                    0                 0.01                0.025
            0.79296875                    1                    0                 0.01                0.025
            0.80078125                    1                    0                 0.01                0.025
            0.80859375                    1                    0                 0.01                0.025
            0.81640625                    1                    0                 0.01                0.025
            0.82421875                    1                    0                 0.01                0.025
            0.83203125                    1                    0                 0.01                0.025
            0.83984375                    1                    0                 0.01                0.025
            0.84765625                    1                    0                 0.01                0.025
            0.85546875                    1                    0                 0.01                0.025
            0.86328125                    1                    0                 0.01                0.025
            0.87109375                    1                    0                 0.01                0.025
            0.87890625                    1                    0                 0.01                0.025
            0.88671875                    1                    0                 0.01                0.025
            0.89453125                    1                    0                 0.01                0.025
            0.90234375                    1                    0                 0.01                0.025
            0.91015625                    1                    0                 0.01                0.025
            0.91796875                    1                    0                 0.01                0.025
            0.92578125                    1                    0                 0.01                0.025
            0.93359375                    1                    0                 0.01                0.025
            0.94140625                    1                    0                 0.01                0.025
            0.94921875                    1                    0                 0.01                0.025
            0.95703125                    1                    0                 0.01                0.025
            0.96484375                    1                    0                 0.01                0.025
            0.97265625                    1                    0                 0.01                0.025
            0.98046875                    1                    0                 0.01                0.025
            0.98828125                    1                    0                 0.01                0.025
            0.99609375                    1                    0                 0.01                0.025
